<?xml version="1.0" encoding="UTF-8"?>
<testsuite name="com.yourproject.backend.controllers.AuthControllerApiTest" tests="6" skipped="0" failures="0" errors="0" timestamp="2026-07-23T12:35:15.194Z" hostname="DESKTOP-BLHQ8LP" time="4.848">
  <properties/>
  <testcase name="logoutRevokesRefreshTokenForAuthenticatedUser()" classname="com.yourproject.backend.controllers.AuthControllerApiTest" time="0.66"/>
  <testcase name="loginRejectsMissingPassword()" classname="com.yourproject.backend.controllers.AuthControllerApiTest" time="0.05"/>
  <testcase name="loginReturnsTokensForValidRequest()" classname="com.yourproject.backend.controllers.AuthControllerApiTest" time="0.047"/>
  <testcase name="getCurrentUserReturnsAuthenticatedUserProfile()" classname="com.yourproject.backend.controllers.AuthControllerApiTest" time="0.016"/>
  <testcase name="changePasswordUsesAuthenticatedUserId()" classname="com.yourproject.backend.controllers.AuthControllerApiTest" time="0.017"/>
  <testcase name="refreshReturnsNewTokensForValidRefreshToken()" classname="com.yourproject.backend.controllers.AuthControllerApiTest" time="0.013"/>
  <system-out><![CDATA[19:35:15.361 [Test worker] INFO org.springframework.test.context.support.AnnotationConfigContextLoaderUtils -- Could not detect default configuration classes for test class [com.yourproject.backend.controllers.AuthControllerApiTest]: AuthControllerApiTest does not declare any static, non-private, non-final, nested classes annotated with @Configuration.
19:35:15.472 [Test worker] INFO org.springframework.boot.test.context.SpringBootTestContextBootstrapper -- Found @SpringBootConfiguration com.yourproject.backend.BackendApplication for test class com.yourproject.backend.controllers.AuthControllerApiTest
19:35:15.475 [Test worker] INFO org.springframework.test.context.support.AnnotationConfigContextLoaderUtils -- Could not detect default configuration classes for test class [com.yourproject.backend.controllers.AuthControllerApiTest]: AuthControllerApiTest does not declare any static, non-private, non-final, nested classes annotated with @Configuration.
19:35:15.485 [Test worker] INFO org.springframework.boot.test.context.SpringBootTestContextBootstrapper -- Found @SpringBootConfiguration com.yourproject.backend.BackendApplication for test class com.yourproject.backend.controllers.AuthControllerApiTest

  .   ____          _            __ _ _
 /\\ / ___'_ __ _ _(_)_ __  __ _ \ \ \ \
( ( )\___ | '_ | '_| | '_ \/ _` | \ \ \ \
 \\/  ___)| |_)| | | | | || (_| |  ) ) ) )
  '  |____| .__|_| |_|_| |_\__, | / / / /
 =========|_|==============|___/=/_/_/_/

 :: Spring Boot ::                (v4.1.0)

2026-07-23T19:35:15.831+07:00  INFO 29512 --- [med-super-app-backend] [    Test worker] c.y.b.controllers.AuthControllerApiTest  : Starting AuthControllerApiTest using Java 17.0.18 with PID 29512 (started by admin in D:\doAn2026\Med_superApp_backend-main)
2026-07-23T19:35:15.832+07:00  INFO 29512 --- [med-super-app-backend] [    Test worker] c.y.b.controllers.AuthControllerApiTest  : No active profile set, falling back to 1 default profile: "default"
2026-07-23T19:35:18.240+07:00  WARN 29512 --- [med-super-app-backend] [    Test worker] .s.a.UserDetailsServiceAutoConfiguration : 

Using generated security password: c9b19d02-6ac3-4371-af7f-cb129bc09c9a

This generated password is for development use only. Your security configuration must be updated before running your application in production.

2026-07-23T19:35:18.263+07:00  INFO 29512 --- [med-super-app-backend] [    Test worker] r$InitializeUserDetailsManagerConfigurer : Global AuthenticationManager configured with UserDetailsService bean with name inMemoryUserDetailsManager
2026-07-23T19:35:19.150+07:00  INFO 29512 --- [med-super-app-backend] [    Test worker] o.s.b.t.m.w.SpringBootMockServletContext : Initializing Spring TestDispatcherServlet ''
2026-07-23T19:35:19.150+07:00  INFO 29512 --- [med-super-app-backend] [    Test worker] o.s.t.web.servlet.TestDispatcherServlet  : Initializing Servlet ''
2026-07-23T19:35:19.153+07:00  INFO 29512 --- [med-super-app-backend] [    Test worker] o.s.t.web.servlet.TestDispatcherServlet  : Completed initialization in 3 ms
2026-07-23T19:35:19.197+07:00  INFO 29512 --- [med-super-app-backend] [    Test worker] c.y.b.controllers.AuthControllerApiTest  : Started AuthControllerApiTest in 3.649 seconds (process running for 4.818)
]]></system-out>
  <system-err><![CDATA[]]></system-err>
</testsuite>
